/data_mirror/misc_de/null/0/apexdata/com.google.android.widevine
/data_mirror/misc_ce/null/0/apexdata/com.google.android.widevine
/vendor/apex/com.google.android.widevine.nonupdatable.apex
/linkerconfig/com.google.android.widevine
/linkerconfig/com.google.android.widevine/ld.config.txt
/dev/f3o/.magisk/mirror/data/misc/apexdata/com.google.android.widevine
/dev/f3o/.magisk/mirror/data/system/package_cache/d499bb796bfde9867e4d86a4c6309a64a05dfb0d/com.google.android.widevine.nonupdatable.apex-16--1978776024
/dev/f3o/.magisk/mirror/data/misc_ce/0/apexdata/com.google.android.widevine
/dev/f3o/.magisk/mirror/data/misc_de/0/apexdata/com.google.android.widevine
/dev/f3o/.magisk/mirror/vendor/apex/com.google.android.widevine.nonupdatable.apex
find: '/dev/f3o/.magisk/mirror/system_root': loop detected
/data/misc/apexdata/com.google.android.widevine
/data/system/package_cache/d499bb796bfde9867e4d86a4c6309a64a05dfb0d/com.google.android.widevine.nonupdatable.apex-16--1978776024
/data/misc_ce/0/apexdata/com.google.android.widevine
/data/misc_de/0/apexdata/com.google.android.widevine
/apex/com.google.android.widevine
/apex/com.google.android.widevine/lost+found
/apex/com.google.android.widevine/bin
/apex/com.google.android.widevine/bin/hw
/apex/com.google.android.widevine/bin/hw/android.hardware.drm-service.widevine
/apex/com.google.android.widevine/lib64
/apex/com.google.android.widevine/lib64/libcrypto.so
/apex/com.google.android.widevine/apex_manifest.pb
/apex/com.google.android.widevine/etc
/apex/com.google.android.widevine/etc/com.google.android.widevine.rc
/apex/com.google.android.widevine/etc/vintf
/apex/com.google.android.widevine/etc/vintf/com.google.android.widevine.xml
/apex/com.google.android.widevine@340720000
/apex/com.google.android.widevine@340720000/lost+found
/apex/com.google.android.widevine@340720000/bin
/apex/com.google.android.widevine@340720000/bin/hw
/apex/com.google.android.widevine@340720000/bin/hw/android.hardware.drm-service.widevine
/apex/com.google.android.widevine@340720000/lib64
/apex/com.google.android.widevine@340720000/lib64/libcrypto.so
/apex/com.google.android.widevine@340720000/apex_manifest.pb
/apex/com.google.android.widevine@340720000/etc
/apex/com.google.android.widevine@340720000/etc/com.google.android.widevine.rc
/apex/com.google.android.widevine@340720000/etc/vintf
/apex/com.google.android.widevine@340720000/etc/vintf/com.google.android.widevine.xml