[
  "Library(process=Process(pid=404, name=\"android.hardware.drm-service.widevine\", parameters={}), name=android.hardware.drm-service.widevine, base=0x5e990b799000, size=24576, path=/vendor/bin/hw/android.hardware.drm-service.widevine)",
  "Library(process=Process(pid=404, name=\"android.hardware.drm-service.widevine\", parameters={}), name=linker64, base=0x74822b449000, size=278528, path=/system/bin/linker64)",
  "Library(process=Process(pid=404, name=\"android.hardware.drm-service.widevine\", parameters={}), name=android.hardware.drm-V1-ndk.so, base=0x748225906000, size=196608, path=/apex/com.android.vndk.v33/lib64/android.hardware.drm-V1-ndk.so)",
  "Library(process=Process(pid=404, name=\"android.hardware.drm-service.widevine\", parameters={}), name=libbase.so, base=0x7482258b3000, size=274432, path=/apex/com.android.vndk.v33/lib64/libbase.so)",
  "Library(process=Process(pid=404, name=\"android.hardware.drm-service.widevine\", parameters={}), name=liblog.so, base=0x74822585e000, size=73728, path=/system/lib64/liblog.so)",
  "Library(process=Process(pid=404, name=\"android.hardware.drm-service.widevine\", parameters={}), name=libutils.so, base=0x7482279c9000, size=131072, path=/apex/com.android.vndk.v33/lib64/libutils.so)",
  "Library(process=Process(pid=404, name=\"android.hardware.drm-service.widevine\", parameters={}), name=libwvaidl.so, base=0x74822766d000, size=3072000, path=/vendor/lib64/libwvaidl.so)",
  "Library(process=Process(pid=404, name=\"android.hardware.drm-service.widevine\", parameters={}), name=libbinder_ndk.so, base=0x74822aca2000, size=98304, path=/system/lib64/libbinder_ndk.so)",
  "Library(process=Process(pid=404, name=\"android.hardware.drm-service.widevine\", parameters={}), name=libc++.so, base=0x74822630b000, size=696320, path=/apex/com.android.vndk.v33/lib64/libc++.so)",
  "Library(process=Process(pid=404, name=\"android.hardware.drm-service.widevine\", parameters={}), name=libc.so, base=0x748225c08000, size=6520832, path=/apex/com.android.runtime/lib64/bionic/libc.so)",
  "Library(process=Process(pid=404, name=\"android.hardware.drm-service.widevine\", parameters={}), name=libm.so, base=0x74822ae11000, size=335872, path=/apex/com.android.runtime/lib64/bionic/libm.so)",
  "Library(process=Process(pid=404, name=\"android.hardware.drm-service.widevine\", parameters={}), name=libdl.so, base=0x748225a1f000, size=20480, path=/apex/com.android.runtime/lib64/bionic/libdl.so)",
  "Library(process=Process(pid=404, name=\"android.hardware.drm-service.widevine\", parameters={}), name=android.hardware.common-V2-ndk.so, base=0x74822ac4e000, size=24576, path=/apex/com.android.vndk.v33/lib64/android.hardware.common-V2-ndk.so)",
  "Library(process=Process(pid=404, name=\"android.hardware.drm-service.widevine\", parameters={}), name=libc++.so, base=0x748225953000, size=696320, path=/system/lib64/libc++.so)",
  "Library(process=Process(pid=404, name=\"android.hardware.drm-service.widevine\", parameters={}), name=libcutils.so, base=0x7482263e1000, size=98304, path=/apex/com.android.vndk.v33/lib64/libcutils.so)",
  "Library(process=Process(pid=404, name=\"android.hardware.drm-service.widevine\", parameters={}), name=libvndksupport.so, base=0x74822adc2000, size=16384, path=/system/lib64/libvndksupport.so)",
  "Library(process=Process(pid=404, name=\"android.hardware.drm-service.widevine\", parameters={}), name=libcrypto.so, base=0x748225a4d000, size=1634304, path=/apex/com.android.vndk.v33/lib64/libcrypto.so)",
  "Library(process=Process(pid=404, name=\"android.hardware.drm-service.widevine\", parameters={}), name=libprotobuf-cpp-lite-3.9.1.so, base=0x74822acc2000, size=503808, path=/vendor/lib64/libprotobuf-cpp-lite-3.9.1.so)",
  "Library(process=Process(pid=404, name=\"android.hardware.drm-service.widevine\", parameters={}), name=libandroid_runtime_lazy.so, base=0x74822aff9000, size=16384, path=/system/lib64/libandroid_runtime_lazy.so)",
  "Library(process=Process(pid=404, name=\"android.hardware.drm-service.widevine\", parameters={}), name=libbase.so, base=0x74822628f000, size=274432, path=/system/lib64/libbase.so)",
  "Library(process=Process(pid=404, name=\"android.hardware.drm-service.widevine\", parameters={}), name=libbinder.so, base=0x74822aea6000, size=860160, path=/system/lib64/libbinder.so)",
  "Library(process=Process(pid=404, name=\"android.hardware.drm-service.widevine\", parameters={}), name=libutils.so, base=0x74822ad52000, size=131072, path=/system/lib64/libutils.so)",
  "Library(process=Process(pid=404, name=\"android.hardware.drm-service.widevine\", parameters={}), name=libdl_android.so, base=0x74822ad98000, size=12288, path=/apex/com.android.runtime/lib64/bionic/libdl_android.so)",
  "Library(process=Process(pid=404, name=\"android.hardware.drm-service.widevine\", parameters={}), name=libcutils.so, base=0x74822af8a000, size=98304, path=/system/lib64/libcutils.so)",
  "Library(process=Process(pid=404, name=\"android.hardware.drm-service.widevine\", parameters={}), name=libnetd_client.so, base=0x748015810000, size=40960, path=/system/lib64/libnetd_client.so)",
  "Library(process=Process(pid=404, name=\"android.hardware.drm-service.widevine\", parameters={}), name=linux-vdso.so.1, base=0x7fff0bde6000, size=4096, path=linux-vdso.so.1)"
]